<?xml version="1.0" encoding="UTF-8"?>
<!-- Generated by org.testng.reporters.JUnitXMLReporter -->
<testsuite hostname="Shashank-PC" ignored="0" name="Default test" tests="2" failures="0" timestamp="02 Oct 2019 15:28:11 GMT" time="3.399" errors="0">
  <testcase name="videoGameSerializationXML" time="2.957" classname="serializationDeserialization.VideoGameAPIWithSerializationXML"/>
  <testcase name="videoGameDeserializationXML" time="0.403" classname="serializationDeserialization.VideoGameAPIWithSerializationXML"/>
</testsuite> <!-- Default test -->
