<?xml version="1.0" encoding="UTF-8"?>
<testng-results skipped="0" failed="0" ignored="0" total="2" passed="2">
  <reporter-output>
  </reporter-output>
  <suite name="Default suite" duration-ms="3399" started-at="2019-10-02T15:28:07Z" finished-at="2019-10-02T15:28:11Z">
    <groups>
    </groups>
    <test name="Default test" duration-ms="3399" started-at="2019-10-02T15:28:07Z" finished-at="2019-10-02T15:28:11Z">
      <class name="serializationDeserialization.VideoGameAPIWithSerializationXML">
        <test-method status="PASS" signature="videoGameSerializationXML()[pri:1, instance:serializationDeserialization.VideoGameAPIWithSerializationXML@47c62251]" name="videoGameSerializationXML" duration-ms="2957" started-at="2019-10-02T15:28:07Z" finished-at="2019-10-02T15:28:10Z">
          <reporter-output>
          </reporter-output>
        </test-method> <!-- videoGameSerializationXML -->
        <test-method status="PASS" signature="videoGameDeserializationXML()[pri:2, instance:serializationDeserialization.VideoGameAPIWithSerializationXML@47c62251]" name="videoGameDeserializationXML" duration-ms="403" started-at="2019-10-02T15:28:10Z" finished-at="2019-10-02T15:28:11Z">
          <reporter-output>
          </reporter-output>
        </test-method> <!-- videoGameDeserializationXML -->
      </class> <!-- serializationDeserialization.VideoGameAPIWithSerializationXML -->
    </test> <!-- Default test -->
  </suite> <!-- Default suite -->
</testng-results>
